<?xml version="1.0" encoding="UTF-8"?>
<testsuite name="FractionTest" tests="1" skipped="0" failures="0" errors="0" timestamp="2023-05-17T11:33:15" hostname="DANI-PC" time="0.043">
  <properties/>
  <testcase name="div()" classname="FractionTest" time="0.043"/>
  <system-out><![CDATA[]]></system-out>
  <system-err><![CDATA[]]></system-err>
</testsuite>
